15:47:13 INFO  AWT-EventQueue-0 0 GameFrame:93 - client started
15:47:13 INFO  AWT-EventQueue-0 317 GameFrame:157 - advisor plugin detected: charlie.client.Advisor
15:47:13 INFO  AWT-EventQueue-0 319 GameFrame:163 - loaded advisor successfully
15:47:13 INFO  AWT-EventQueue-0 319 GameFrame:99 - init done
15:47:45 INFO  AWT-EventQueue-0 32431 Actor:63 - sent login request
15:47:45 INFO  AWT-EventQueue-0 32495 Actor:70 - received ticket BB20B45FD4D95138
15:47:45 INFO  AWT-EventQueue-0 32496 GameFrame:221 - login successful
15:47:45 INFO  AWT-EventQueue-0 32500 Actor:185 - Courier monitor installed successfully: CountingTrap
15:47:45 INFO  Thread-5 32508 Actor:185 - Courier waiting for connection on port 8001
15:47:45 INFO  AWT-EventQueue-0 32513 Actor:185 - Arriver sending Arrival to 127.0.0.1:1235
15:47:45 INFO  AWT-EventQueue-0 32542 Actor:185 - Arriver sent successfully Arrival to 127.0.0.1:1235
15:47:45 INFO  AWT-EventQueue-0 32542 Actor:185 - Arriver sent arrival message
15:47:45 INFO  Thread-5 32587 Actor:185 - Courier accepted connection on port 8001
15:47:45 INFO  Thread-5 32592 Actor:185 - Courier received message Ready
15:47:45 INFO  Thread-5 32592 Actor:185 - Courier invoking listener for Ready
15:47:45 INFO  Thread-5 32593 Actor:232 - received Ready from ClaudiaPC/192.168.0.13
15:47:45 INFO  AWT-EventQueue-0 32595 GameFrame:240 - connected to courier with bankroll = 1000.0
15:47:45 INFO  Thread-5 32595 Trap:90 - Shoe Size:0, Running Count: 0.0, True Count: NaN, Bet: 0.0 (chips)
15:47:45 INFO  Thread-5 32596 Trap:91 - Shuffle pending: false
15:47:45 INFO  Thread-5 32596 Actor:185 - Courier waiting for connection on port 8001
15:47:56 INFO  Thread-8 43448 ATable:208 - side bet = 0
15:47:56 INFO  Thread-8 43452 Actor:185 - Courier sending Bet to 127.0.0.1:8501
15:47:56 INFO  Thread-8 43460 Actor:185 - Courier sent successfully Bet to 127.0.0.1:8501
15:47:56 INFO  Thread-5 43473 Actor:185 - Courier accepted connection on port 8001
15:47:56 INFO  Thread-5 43477 Actor:185 - Courier received message GameStart
15:47:56 INFO  Thread-5 43478 Actor:185 - Courier invoking listener for GameStart
15:47:56 INFO  Thread-5 43478 Actor:244 - receive starting shoe size = 312
15:47:56 INFO  Thread-5 43478 Actor:247 - starting hand: ClaudiaPC:YOU:42DB5408EE6006B
15:47:56 INFO  Thread-5 43478 Actor:247 - starting hand: ClaudiaPC:DEALER:4B7B9C78214C9B5B
15:47:56 INFO  Thread-5 43479 Trap:90 - Shoe Size:311, Running Count: 0.0, True Count: 0.0, Bet: 1.0 (chips)
15:47:56 INFO  Thread-5 43479 Trap:91 - Shuffle pending: false
15:47:56 INFO  Thread-5 43480 Actor:185 - Courier waiting for connection on port 8001
15:47:57 INFO  Thread-5 44479 Actor:185 - Courier accepted connection on port 8001
15:47:57 INFO  Thread-5 44485 Actor:185 - Courier received message Deal
15:47:57 INFO  Thread-5 44485 Actor:185 - Courier invoking listener for Deal
15:47:57 INFO  Thread-5 44486 Actor:266 - received card = S10 values = 10/10 hid = ClaudiaPC:YOU:42DB5408EE6006B
15:47:57 INFO  Thread-5 44487 Trap:90 - Shoe Size:311, Running Count: 0.0, True Count: 0.0, Bet: 1.0 (chips)
15:47:57 INFO  Thread-5 44487 Trap:91 - Shuffle pending: false
15:47:57 INFO  Thread-5 44487 Actor:185 - Courier waiting for connection on port 8001
15:47:58 INFO  Thread-5 45235 Actor:185 - Courier accepted connection on port 8001
15:47:58 INFO  Thread-5 45238 Actor:185 - Courier received message Deal
15:47:58 INFO  Thread-5 45238 Actor:185 - Courier invoking listener for Deal
15:47:58 INFO  Thread-5 45238 Actor:266 - received card = C6 values = 0/0 hid = ClaudiaPC:DEALER:4B7B9C78214C9B5B
15:47:58 INFO  Thread-5 45239 Trap:90 - Shoe Size:311, Running Count: 0.0, True Count: 0.0, Bet: 1.0 (chips)
15:47:58 INFO  Thread-5 45239 Trap:91 - Shuffle pending: false
15:47:58 INFO  Thread-5 45239 Actor:185 - Courier waiting for connection on port 8001
15:47:59 INFO  Thread-5 45990 Actor:185 - Courier accepted connection on port 8001
15:47:59 INFO  Thread-5 45994 Actor:185 - Courier received message Deal
15:47:59 INFO  Thread-5 45994 Actor:185 - Courier invoking listener for Deal
15:47:59 INFO  Thread-5 45995 Actor:266 - received card = C9 values = 19/19 hid = ClaudiaPC:YOU:42DB5408EE6006B
15:47:59 INFO  Thread-5 45995 Trap:90 - Shoe Size:311, Running Count: 0.0, True Count: 0.0, Bet: 1.0 (chips)
15:47:59 INFO  Thread-5 45996 Trap:91 - Shuffle pending: false
15:47:59 INFO  Thread-5 45996 Actor:185 - Courier waiting for connection on port 8001
15:47:59 INFO  Thread-5 46746 Actor:185 - Courier accepted connection on port 8001
15:47:59 INFO  Thread-5 46754 Actor:185 - Courier received message Deal
15:47:59 INFO  Thread-5 46755 Actor:185 - Courier invoking listener for Deal
15:47:59 INFO  Thread-5 46755 Actor:266 - received card = H6 values = 6/6 hid = ClaudiaPC:DEALER:4B7B9C78214C9B5B
15:47:59 INFO  Thread-5 46756 Trap:90 - Shoe Size:311, Running Count: 0.0, True Count: 0.0, Bet: 1.0 (chips)
15:47:59 INFO  Thread-5 46757 Trap:91 - Shuffle pending: false
15:47:59 INFO  Thread-5 46758 Actor:185 - Courier waiting for connection on port 8001
15:47:59 INFO  Thread-5 46764 Actor:185 - Courier accepted connection on port 8001
15:47:59 INFO  Thread-5 46770 Actor:185 - Courier received message Play
15:47:59 INFO  Thread-5 46770 Actor:185 - Courier invoking listener for Play
15:47:59 INFO  Thread-5 46770 Actor:276 - got turn = ClaudiaPC:YOU:42DB5408EE6006B
15:48:00 INFO  Thread-5 47467 Trap:90 - Shoe Size:311, Running Count: 0.0, True Count: 0.0, Bet: 1.0 (chips)
15:48:00 INFO  Thread-5 47467 Trap:91 - Shuffle pending: false
15:48:00 INFO  Thread-5 47467 Actor:185 - Courier waiting for connection on port 8001
